CRITICAL - 2025-05-09 13:37:34 --> ErrorException: Undefined variable $image_path
[Method: GET, Route: /]
in APPPATH\Views\home.php on line 663.
 1 APPPATH\Views\home.php(663): CodeIgniter\Debug\Exceptions->errorHandler(2, 'Undefined variable $image_path', 'C:\\wamp64\\www\\MrachentEase\\app\\Views\\home.php', 663)
 2 SYSTEMPATH\View\View.php(234): include('C:\\wamp64\\www\\MrachentEase\\app\\Views\\home.php')
 3 SYSTEMPATH\View\View.php(237): CodeIgniter\View\View->CodeIgniter\View\{closure}()
 4 SYSTEMPATH\Common.php(1169): CodeIgniter\View\View->render('home', [], true)
 5 APPPATH\Controllers\Home.php(58): view('home', [...])
 6 SYSTEMPATH\CodeIgniter.php(933): App\Controllers\Home->index()
 7 SYSTEMPATH\CodeIgniter.php(509): CodeIgniter\CodeIgniter->runController(Object(App\Controllers\Home))
 8 SYSTEMPATH\CodeIgniter.php(355): CodeIgniter\CodeIgniter->handleRequest(null, Object(Config\Cache), false)
 9 SYSTEMPATH\Boot.php(325): CodeIgniter\CodeIgniter->run()
10 SYSTEMPATH\Boot.php(67): CodeIgniter\Boot::runCodeIgniter(Object(CodeIgniter\CodeIgniter))
11 FCPATH\index.php(56): CodeIgniter\Boot::bootWeb(Object(Config\Paths))
CRITICAL - 2025-05-09 13:40:41 --> ErrorException: Undefined array key "main_image"
[Method: GET, Route: /]
in APPPATH\Views\home.php on line 663.
 1 APPPATH\Views\home.php(663): CodeIgniter\Debug\Exceptions->errorHandler(2, 'Undefined array key "main_image"', 'C:\\wamp64\\www\\MrachentEase\\app\\Views\\home.php', 663)
 2 SYSTEMPATH\View\View.php(234): include('C:\\wamp64\\www\\MrachentEase\\app\\Views\\home.php')
 3 SYSTEMPATH\View\View.php(237): CodeIgniter\View\View->CodeIgniter\View\{closure}()
 4 SYSTEMPATH\Common.php(1169): CodeIgniter\View\View->render('home', [], true)
 5 APPPATH\Controllers\Home.php(58): view('home', [...])
 6 SYSTEMPATH\CodeIgniter.php(933): App\Controllers\Home->index()
 7 SYSTEMPATH\CodeIgniter.php(509): CodeIgniter\CodeIgniter->runController(Object(App\Controllers\Home))
 8 SYSTEMPATH\CodeIgniter.php(355): CodeIgniter\CodeIgniter->handleRequest(null, Object(Config\Cache), false)
 9 SYSTEMPATH\Boot.php(325): CodeIgniter\CodeIgniter->run()
10 SYSTEMPATH\Boot.php(67): CodeIgniter\Boot::runCodeIgniter(Object(CodeIgniter\CodeIgniter))
11 FCPATH\index.php(56): CodeIgniter\Boot::bootWeb(Object(Config\Paths))
ERROR - 2025-05-09 13:56:35 --> mysqli_sql_exception: Column 'image2' cannot be null in C:\wamp64\www\MrachentEase\system\Database\MySQLi\Connection.php:312
Stack trace:
#0 C:\wamp64\www\MrachentEase\system\Database\MySQLi\Connection.php(312): mysqli->query('INSERT INTO `pr...', 0)
#1 C:\wamp64\www\MrachentEase\system\Database\BaseConnection.php(734): CodeIgniter\Database\MySQLi\Connection->execute('INSERT INTO `pr...')
#2 C:\wamp64\www\MrachentEase\system\Database\BaseConnection.php(648): CodeIgniter\Database\BaseConnection->simpleQuery('INSERT INTO `pr...')
#3 C:\wamp64\www\MrachentEase\system\Database\BaseBuilder.php(2340): CodeIgniter\Database\BaseConnection->query('INSERT INTO `pr...', Array, false)
#4 C:\wamp64\www\MrachentEase\system\Model.php(394): CodeIgniter\Database\BaseBuilder->insert()
#5 C:\wamp64\www\MrachentEase\system\BaseModel.php(840): CodeIgniter\Model->doInsert(Array)
#6 C:\wamp64\www\MrachentEase\system\Model.php(802): CodeIgniter\BaseModel->insert(Array, true)
#7 C:\wamp64\www\MrachentEase\app\Controllers\MarchentAccount.php(122): CodeIgniter\Model->insert(Array)
#8 C:\wamp64\www\MrachentEase\system\CodeIgniter.php(933): App\Controllers\MarchentAccount->add_product()
#9 C:\wamp64\www\MrachentEase\system\CodeIgniter.php(509): CodeIgniter\CodeIgniter->runController(Object(App\Controllers\MarchentAccount))
#10 C:\wamp64\www\MrachentEase\system\CodeIgniter.php(355): CodeIgniter\CodeIgniter->handleRequest(NULL, Object(Config\Cache), false)
#11 C:\wamp64\www\MrachentEase\system\Boot.php(325): CodeIgniter\CodeIgniter->run()
#12 C:\wamp64\www\MrachentEase\system\Boot.php(67): CodeIgniter\Boot::runCodeIgniter(Object(CodeIgniter\CodeIgniter))
#13 C:\wamp64\www\MrachentEase\public\index.php(56): CodeIgniter\Boot::bootWeb(Object(Config\Paths))
#14 {main}
CRITICAL - 2025-05-09 13:56:35 --> CodeIgniter\Database\Exceptions\DatabaseException: Column 'image2' cannot be null
[Method: POST, Route: marchent/add_product]
in SYSTEMPATH\Database\BaseConnection.php on line 688.
 1 SYSTEMPATH\Database\BaseBuilder.php(2340): CodeIgniter\Database\BaseConnection->query('INSERT INTO `product_images` (`product_id`, `image`, `image2`, `image3`, `image4`) VALUES (:product_id:, :image:, :image2:, :image3:, :image4:)', [...], false)
 2 SYSTEMPATH\Model.php(394): CodeIgniter\Database\BaseBuilder->insert()
 3 SYSTEMPATH\BaseModel.php(840): CodeIgniter\Model->doInsert([...])
 4 SYSTEMPATH\Model.php(802): CodeIgniter\BaseModel->insert([...], true)
 5 APPPATH\Controllers\MarchentAccount.php(122): CodeIgniter\Model->insert([...])
 6 SYSTEMPATH\CodeIgniter.php(933): App\Controllers\MarchentAccount->add_product()
 7 SYSTEMPATH\CodeIgniter.php(509): CodeIgniter\CodeIgniter->runController(Object(App\Controllers\MarchentAccount))
 8 SYSTEMPATH\CodeIgniter.php(355): CodeIgniter\CodeIgniter->handleRequest(null, Object(Config\Cache), false)
 9 SYSTEMPATH\Boot.php(325): CodeIgniter\CodeIgniter->run()
10 SYSTEMPATH\Boot.php(67): CodeIgniter\Boot::runCodeIgniter(Object(CodeIgniter\CodeIgniter))
11 FCPATH\index.php(56): CodeIgniter\Boot::bootWeb(Object(Config\Paths))
CRITICAL - 2025-05-09 13:56:35 --> [Caused by] CodeIgniter\Database\Exceptions\DatabaseException: Column 'image2' cannot be null
in SYSTEMPATH\Database\MySQLi\Connection.php on line 317.
 1 SYSTEMPATH\Database\BaseConnection.php(734): CodeIgniter\Database\MySQLi\Connection->execute('INSERT INTO `product_images` (`product_id`, `image`, `image2`, `image3`, `image4`) VALUES (18, \'/uploads/products/1746798995_8cf28c053723d208c73c.jpg\', NULL, NULL, NULL)')
 2 SYSTEMPATH\Database\BaseConnection.php(648): CodeIgniter\Database\BaseConnection->simpleQuery('INSERT INTO `product_images` (`product_id`, `image`, `image2`, `image3`, `image4`) VALUES (18, \'/uploads/products/1746798995_8cf28c053723d208c73c.jpg\', NULL, NULL, NULL)')
 3 SYSTEMPATH\Database\BaseBuilder.php(2340): CodeIgniter\Database\BaseConnection->query('INSERT INTO `product_images` (`product_id`, `image`, `image2`, `image3`, `image4`) VALUES (:product_id:, :image:, :image2:, :image3:, :image4:)', [...], false)
 4 SYSTEMPATH\Model.php(394): CodeIgniter\Database\BaseBuilder->insert()
 5 SYSTEMPATH\BaseModel.php(840): CodeIgniter\Model->doInsert([...])
 6 SYSTEMPATH\Model.php(802): CodeIgniter\BaseModel->insert([...], true)
 7 APPPATH\Controllers\MarchentAccount.php(122): CodeIgniter\Model->insert([...])
 8 SYSTEMPATH\CodeIgniter.php(933): App\Controllers\MarchentAccount->add_product()
 9 SYSTEMPATH\CodeIgniter.php(509): CodeIgniter\CodeIgniter->runController(Object(App\Controllers\MarchentAccount))
10 SYSTEMPATH\CodeIgniter.php(355): CodeIgniter\CodeIgniter->handleRequest(null, Object(Config\Cache), false)
11 SYSTEMPATH\Boot.php(325): CodeIgniter\CodeIgniter->run()
12 SYSTEMPATH\Boot.php(67): CodeIgniter\Boot::runCodeIgniter(Object(CodeIgniter\CodeIgniter))
13 FCPATH\index.php(56): CodeIgniter\Boot::bootWeb(Object(Config\Paths))
CRITICAL - 2025-05-09 13:56:35 --> [Caused by] mysqli_sql_exception: Column 'image2' cannot be null
in SYSTEMPATH\Database\MySQLi\Connection.php on line 312.
 1 SYSTEMPATH\Database\MySQLi\Connection.php(312): mysqli->query('INSERT INTO `product_images` (`product_id`, `image`, `image2`, `image3`, `image4`) VALUES (18, \'/uploads/products/1746798995_8cf28c053723d208c73c.jpg\', NULL, NULL, NULL)', 0)
 2 SYSTEMPATH\Database\BaseConnection.php(734): CodeIgniter\Database\MySQLi\Connection->execute('INSERT INTO `product_images` (`product_id`, `image`, `image2`, `image3`, `image4`) VALUES (18, \'/uploads/products/1746798995_8cf28c053723d208c73c.jpg\', NULL, NULL, NULL)')
 3 SYSTEMPATH\Database\BaseConnection.php(648): CodeIgniter\Database\BaseConnection->simpleQuery('INSERT INTO `product_images` (`product_id`, `image`, `image2`, `image3`, `image4`) VALUES (18, \'/uploads/products/1746798995_8cf28c053723d208c73c.jpg\', NULL, NULL, NULL)')
 4 SYSTEMPATH\Database\BaseBuilder.php(2340): CodeIgniter\Database\BaseConnection->query('INSERT INTO `product_images` (`product_id`, `image`, `image2`, `image3`, `image4`) VALUES (:product_id:, :image:, :image2:, :image3:, :image4:)', [...], false)
 5 SYSTEMPATH\Model.php(394): CodeIgniter\Database\BaseBuilder->insert()
 6 SYSTEMPATH\BaseModel.php(840): CodeIgniter\Model->doInsert([...])
 7 SYSTEMPATH\Model.php(802): CodeIgniter\BaseModel->insert([...], true)
 8 APPPATH\Controllers\MarchentAccount.php(122): CodeIgniter\Model->insert([...])
 9 SYSTEMPATH\CodeIgniter.php(933): App\Controllers\MarchentAccount->add_product()
10 SYSTEMPATH\CodeIgniter.php(509): CodeIgniter\CodeIgniter->runController(Object(App\Controllers\MarchentAccount))
11 SYSTEMPATH\CodeIgniter.php(355): CodeIgniter\CodeIgniter->handleRequest(null, Object(Config\Cache), false)
12 SYSTEMPATH\Boot.php(325): CodeIgniter\CodeIgniter->run()
13 SYSTEMPATH\Boot.php(67): CodeIgniter\Boot::runCodeIgniter(Object(CodeIgniter\CodeIgniter))
14 FCPATH\index.php(56): CodeIgniter\Boot::bootWeb(Object(Config\Paths))
