ERROR - 2025-05-12 13:55:40 --> Missing required field: fname
ERROR - 2025-05-12 13:56:03 --> Missing required field: fname
ERROR - 2025-05-12 13:57:32 --> Missing required field: fname
CRITICAL - 2025-05-12 14:08:38 --> Error: Call to undefined function set_value()
[Method: GET, Route: checkout]
in APPPATH\Views\checkout.php on line 595.
 1 SYSTEMPATH\View\View.php(234): include()
 2 SYSTEMPATH\View\View.php(237): CodeIgniter\View\View->CodeIgniter\View\{closure}()
 3 SYSTEMPATH\Common.php(1169): CodeIgniter\View\View->render('checkout', [], true)
 4 APPPATH\Controllers\Checkout.php(84): view('checkout', [...])
 5 SYSTEMPATH\CodeIgniter.php(933): App\Controllers\Checkout->index()
 6 SYSTEMPATH\CodeIgniter.php(509): CodeIgniter\CodeIgniter->runController(Object(App\Controllers\Checkout))
 7 SYSTEMPATH\CodeIgniter.php(355): CodeIgniter\CodeIgniter->handleRequest(null, Object(Config\Cache), false)
 8 SYSTEMPATH\Boot.php(325): CodeIgniter\CodeIgniter->run()
 9 SYSTEMPATH\Boot.php(67): CodeIgniter\Boot::runCodeIgniter(Object(CodeIgniter\CodeIgniter))
10 FCPATH\index.php(56): CodeIgniter\Boot::bootWeb(Object(Config\Paths))
CRITICAL - 2025-05-12 14:09:08 --> Error: Call to undefined function set_value()
[Method: GET, Route: checkout]
in APPPATH\Views\checkout.php on line 593.
 1 SYSTEMPATH\View\View.php(234): include()
 2 SYSTEMPATH\View\View.php(237): CodeIgniter\View\View->CodeIgniter\View\{closure}()
 3 SYSTEMPATH\Common.php(1169): CodeIgniter\View\View->render('checkout', [], true)
 4 APPPATH\Controllers\Checkout.php(84): view('checkout', [...])
 5 SYSTEMPATH\CodeIgniter.php(933): App\Controllers\Checkout->index()
 6 SYSTEMPATH\CodeIgniter.php(509): CodeIgniter\CodeIgniter->runController(Object(App\Controllers\Checkout))
 7 SYSTEMPATH\CodeIgniter.php(355): CodeIgniter\CodeIgniter->handleRequest(null, Object(Config\Cache), false)
 8 SYSTEMPATH\Boot.php(325): CodeIgniter\CodeIgniter->run()
 9 SYSTEMPATH\Boot.php(67): CodeIgniter\Boot::runCodeIgniter(Object(CodeIgniter\CodeIgniter))
10 FCPATH\index.php(56): CodeIgniter\Boot::bootWeb(Object(Config\Paths))
CRITICAL - 2025-05-12 14:09:09 --> Error: Call to undefined function set_value()
[Method: GET, Route: checkout]
in APPPATH\Views\checkout.php on line 593.
 1 SYSTEMPATH\View\View.php(234): include()
 2 SYSTEMPATH\View\View.php(237): CodeIgniter\View\View->CodeIgniter\View\{closure}()
 3 SYSTEMPATH\Common.php(1169): CodeIgniter\View\View->render('checkout', [], true)
 4 APPPATH\Controllers\Checkout.php(84): view('checkout', [...])
 5 SYSTEMPATH\CodeIgniter.php(933): App\Controllers\Checkout->index()
 6 SYSTEMPATH\CodeIgniter.php(509): CodeIgniter\CodeIgniter->runController(Object(App\Controllers\Checkout))
 7 SYSTEMPATH\CodeIgniter.php(355): CodeIgniter\CodeIgniter->handleRequest(null, Object(Config\Cache), false)
 8 SYSTEMPATH\Boot.php(325): CodeIgniter\CodeIgniter->run()
 9 SYSTEMPATH\Boot.php(67): CodeIgniter\Boot::runCodeIgniter(Object(CodeIgniter\CodeIgniter))
10 FCPATH\index.php(56): CodeIgniter\Boot::bootWeb(Object(Config\Paths))
ERROR - 2025-05-12 14:12:09 --> Missing required field: fname - Value: null
CRITICAL - 2025-05-12 14:23:51 --> Error: Call to undefined function set_value()
[Method: GET, Route: checkout]
in APPPATH\Views\checkout.php on line 619.
 1 SYSTEMPATH\View\View.php(234): include()
 2 SYSTEMPATH\View\View.php(237): CodeIgniter\View\View->CodeIgniter\View\{closure}()
 3 SYSTEMPATH\Common.php(1169): CodeIgniter\View\View->render('checkout', [], true)
 4 APPPATH\Controllers\Checkout.php(84): view('checkout', [...])
 5 SYSTEMPATH\CodeIgniter.php(933): App\Controllers\Checkout->index()
 6 SYSTEMPATH\CodeIgniter.php(509): CodeIgniter\CodeIgniter->runController(Object(App\Controllers\Checkout))
 7 SYSTEMPATH\CodeIgniter.php(355): CodeIgniter\CodeIgniter->handleRequest(null, Object(Config\Cache), false)
 8 SYSTEMPATH\Boot.php(325): CodeIgniter\CodeIgniter->run()
 9 SYSTEMPATH\Boot.php(67): CodeIgniter\Boot::runCodeIgniter(Object(CodeIgniter\CodeIgniter))
10 FCPATH\index.php(56): CodeIgniter\Boot::bootWeb(Object(Config\Paths))
CRITICAL - 2025-05-12 14:29:20 --> Error: Call to undefined function set_value()
[Method: GET, Route: checkout]
in APPPATH\Views\checkout.php on line 619.
 1 SYSTEMPATH\View\View.php(234): include()
 2 SYSTEMPATH\View\View.php(237): CodeIgniter\View\View->CodeIgniter\View\{closure}()
 3 SYSTEMPATH\Common.php(1169): CodeIgniter\View\View->render('checkout', [], true)
 4 APPPATH\Controllers\Checkout.php(84): view('checkout', [...])
 5 SYSTEMPATH\CodeIgniter.php(933): App\Controllers\Checkout->index()
 6 SYSTEMPATH\CodeIgniter.php(509): CodeIgniter\CodeIgniter->runController(Object(App\Controllers\Checkout))
 7 SYSTEMPATH\CodeIgniter.php(355): CodeIgniter\CodeIgniter->handleRequest(null, Object(Config\Cache), false)
 8 SYSTEMPATH\Boot.php(325): CodeIgniter\CodeIgniter->run()
 9 SYSTEMPATH\Boot.php(67): CodeIgniter\Boot::runCodeIgniter(Object(CodeIgniter\CodeIgniter))
10 FCPATH\index.php(56): CodeIgniter\Boot::bootWeb(Object(Config\Paths))
CRITICAL - 2025-05-12 14:29:22 --> Error: Call to undefined function set_value()
[Method: GET, Route: checkout]
in APPPATH\Views\checkout.php on line 619.
 1 SYSTEMPATH\View\View.php(234): include()
 2 SYSTEMPATH\View\View.php(237): CodeIgniter\View\View->CodeIgniter\View\{closure}()
 3 SYSTEMPATH\Common.php(1169): CodeIgniter\View\View->render('checkout', [], true)
 4 APPPATH\Controllers\Checkout.php(84): view('checkout', [...])
 5 SYSTEMPATH\CodeIgniter.php(933): App\Controllers\Checkout->index()
 6 SYSTEMPATH\CodeIgniter.php(509): CodeIgniter\CodeIgniter->runController(Object(App\Controllers\Checkout))
 7 SYSTEMPATH\CodeIgniter.php(355): CodeIgniter\CodeIgniter->handleRequest(null, Object(Config\Cache), false)
 8 SYSTEMPATH\Boot.php(325): CodeIgniter\CodeIgniter->run()
 9 SYSTEMPATH\Boot.php(67): CodeIgniter\Boot::runCodeIgniter(Object(CodeIgniter\CodeIgniter))
10 FCPATH\index.php(56): CodeIgniter\Boot::bootWeb(Object(Config\Paths))
CRITICAL - 2025-05-12 14:29:42 --> Error: Call to undefined function set_value()
[Method: GET, Route: checkout]
in APPPATH\Views\checkout.php on line 593.
 1 SYSTEMPATH\View\View.php(234): include()
 2 SYSTEMPATH\View\View.php(237): CodeIgniter\View\View->CodeIgniter\View\{closure}()
 3 SYSTEMPATH\Common.php(1169): CodeIgniter\View\View->render('checkout', [], true)
 4 APPPATH\Controllers\Checkout.php(84): view('checkout', [...])
 5 SYSTEMPATH\CodeIgniter.php(933): App\Controllers\Checkout->index()
 6 SYSTEMPATH\CodeIgniter.php(509): CodeIgniter\CodeIgniter->runController(Object(App\Controllers\Checkout))
 7 SYSTEMPATH\CodeIgniter.php(355): CodeIgniter\CodeIgniter->handleRequest(null, Object(Config\Cache), false)
 8 SYSTEMPATH\Boot.php(325): CodeIgniter\CodeIgniter->run()
 9 SYSTEMPATH\Boot.php(67): CodeIgniter\Boot::runCodeIgniter(Object(CodeIgniter\CodeIgniter))
10 FCPATH\index.php(56): CodeIgniter\Boot::bootWeb(Object(Config\Paths))
ERROR - 2025-05-12 14:34:05 --> Missing required field: fname - Value: null
ERROR - 2025-05-12 14:38:02 --> mysqli_sql_exception: Cannot add or update a child row: a foreign key constraint fails (`marchentease`.`addresses`, CONSTRAINT `addresses_ibfk_1` FOREIGN KEY (`order_id`) REFERENCES `orders` (`order_id`) ON DELETE CASCADE) in C:\wamp64\www\MrachentEase\system\Database\MySQLi\Connection.php:312
Stack trace:
#0 C:\wamp64\www\MrachentEase\system\Database\MySQLi\Connection.php(312): mysqli->query('INSERT INTO `ad...', 0)
#1 C:\wamp64\www\MrachentEase\system\Database\BaseConnection.php(734): CodeIgniter\Database\MySQLi\Connection->execute('INSERT INTO `ad...')
#2 C:\wamp64\www\MrachentEase\system\Database\BaseConnection.php(648): CodeIgniter\Database\BaseConnection->simpleQuery('INSERT INTO `ad...')
#3 C:\wamp64\www\MrachentEase\system\Database\BaseBuilder.php(2340): CodeIgniter\Database\BaseConnection->query('INSERT INTO `ad...', Array, false)
#4 C:\wamp64\www\MrachentEase\system\Model.php(394): CodeIgniter\Database\BaseBuilder->insert()
#5 C:\wamp64\www\MrachentEase\system\BaseModel.php(840): CodeIgniter\Model->doInsert(Array)
#6 C:\wamp64\www\MrachentEase\system\Model.php(802): CodeIgniter\BaseModel->insert(Array, true)
#7 C:\wamp64\www\MrachentEase\app\Controllers\Checkout.php(143): CodeIgniter\Model->insert(Array)
#8 C:\wamp64\www\MrachentEase\system\CodeIgniter.php(933): App\Controllers\Checkout->placeOrder()
#9 C:\wamp64\www\MrachentEase\system\CodeIgniter.php(509): CodeIgniter\CodeIgniter->runController(Object(App\Controllers\Checkout))
#10 C:\wamp64\www\MrachentEase\system\CodeIgniter.php(355): CodeIgniter\CodeIgniter->handleRequest(NULL, Object(Config\Cache), false)
#11 C:\wamp64\www\MrachentEase\system\Boot.php(325): CodeIgniter\CodeIgniter->run()
#12 C:\wamp64\www\MrachentEase\system\Boot.php(67): CodeIgniter\Boot::runCodeIgniter(Object(CodeIgniter\CodeIgniter))
#13 C:\wamp64\www\MrachentEase\public\index.php(56): CodeIgniter\Boot::bootWeb(Object(Config\Paths))
#14 {main}
ERROR - 2025-05-12 14:38:02 --> Order placement failed: Transaction failed.
